
/home/runner/work/exp-parametric-voltage-waveform-iitkgp/exp-parametric-voltage-waveform-iitkgp/experiment/simulation/js/MOVEMASTER_controller.js
   10:5   warning  'RM501' is not defined                        no-undef
   11:5   warning  'animate' is not defined                      no-undef
   18:10  warning  'onWindowResize' is defined but never used    no-unused-vars
   33:5   warning  'RM501' is not defined                        no-undef
   37:5   warning  'RM501' is not defined                        no-undef
   41:5   warning  'RM501' is not defined                        no-undef
   45:5   warning  'RM501' is not defined                        no-undef
   49:5   warning  'RM501' is not defined                        no-undef
   56:5   warning  'update' is not defined                       no-undef
   57:5   warning  'render' is not defined                       no-undef
   61:10  warning  'moveButton' is defined but never used        no-unused-vars
   69:9   warning  'RM501' is not defined                        no-undef
   70:9   warning  'RM501' is not defined                        no-undef
   73:14  warning  'RM501' is not defined                        no-undef
   75:9   warning  'RM501' is not defined                        no-undef
   76:9   warning  'RM501' is not defined                        no-undef
   79:9   warning  'RM501' is not defined                        no-undef
   80:9   warning  'RM501' is not defined                        no-undef
   85:10  warning  'movemasterchange' is defined but never used  no-unused-vars
   88:5   warning  'RM501' is not defined                        no-undef
   91:5   warning  'RM501' is not defined                        no-undef
   94:5   warning  'RM501' is not defined                        no-undef
   97:5   warning  'RM501' is not defined                        no-undef
  100:5   warning  'RM501' is not defined                        no-undef
  105:5   warning  't1' is not defined                           no-undef
  106:5   warning  't2' is not defined                           no-undef
  107:5   warning  't3' is not defined                           no-undef
  108:5   warning  't4' is not defined                           no-undef
  109:5   warning  't5' is not defined                           no-undef
  111:5   warning  'tmat' is not defined                         no-undef
  114:2   warning  'update' is not defined                       no-undef
  117:10  warning  'clearslidervalue' is defined but never used  no-unused-vars
  135:2   warning  'Plotly' is not defined                       no-undef
  138:10  warning  'workspace' is defined but never used         no-unused-vars
  142:5   warning  't1' is not defined                           no-undef
  143:1   warning  Mixed spaces and tabs                         no-mixed-spaces-and-tabs
  144:2   warning  Mixed spaces and tabs                         no-mixed-spaces-and-tabs
  145:2   warning  't2' is not defined                           no-undef
  146:5   warning  't3' is not defined                           no-undef
  147:5   warning  't4' is not defined                           no-undef
  148:5   warning  't5' is not defined                           no-undef
  150:2   warning  'tmat_workspace' is not defined               no-undef
  152:1   warning  Mixed spaces and tabs                         no-mixed-spaces-and-tabs
  163:10  warning  'trace1' is not defined                       no-undef
  178:5   warning  'Plotly' is not defined                       no-undef
  184:11  warning  'trace2' is not defined                       no-undef
  199:5   warning  'Plotly' is not defined                       no-undef
  203:10  warning  'deleteTrace' is defined but never used       no-unused-vars
  207:1   warning  'trace1' is not defined                       no-undef
  208:1   warning  'trace1' is not defined                       no-undef
  209:1   warning  'trace1' is not defined                       no-undef
  211:1   warning  'trace2' is not defined                       no-undef
  212:1   warning  'trace2' is not defined                       no-undef
  213:1   warning  'trace2' is not defined                       no-undef

/home/runner/work/exp-parametric-voltage-waveform-iitkgp/exp-parametric-voltage-waveform-iitkgp/experiment/simulation/js/MOVEMASTER_scene.js
   33:26   warning  'THREE' is not defined               no-undef
   40:29   warning  'THREE' is not defined               no-undef
   49:27   warning  'THREE' is not defined               no-undef
   54:29   warning  'THREE' is not defined               no-undef
   71:28   warning  'THREE' is not defined               no-undef
   75:29   warning  'THREE' is not defined               no-undef
   79:26   warning  'Stats' is not defined               no-undef
   86:9    warning  'axes' is not defined                no-undef
   86:16   warning  'buildAxes' is not defined           no-undef
   88:24   warning  'axes' is not defined                no-undef
   90:9    warning  'gridX' is not defined               no-undef
   90:21   warning  'THREE' is not defined               no-undef
   91:9    warning  'gridX' is not defined               no-undef
   91:29   warning  'THREE' is not defined               no-undef
   91:56   warning  'THREE' is not defined               no-undef
   92:9    warning  'gridX' is not defined               no-undef
   93:24   warning  'gridX' is not defined               no-undef
   95:9    warning  'gridZ' is not defined               no-undef
   95:21   warning  'THREE' is not defined               no-undef
   96:9    warning  'gridZ' is not defined               no-undef
   97:9    warning  'gridZ' is not defined               no-undef
   98:9    warning  'gridZ' is not defined               no-undef
   98:29   warning  'THREE' is not defined               no-undef
   98:56   warning  'THREE' is not defined               no-undef
   99:24   warning  'gridZ' is not defined               no-undef
  101:9    warning  'gridY' is not defined               no-undef
  101:21   warning  'THREE' is not defined               no-undef
  102:9    warning  'gridY' is not defined               no-undef
  103:9    warning  'gridY' is not defined               no-undef
  104:9    warning  'gridY' is not defined               no-undef
  104:29   warning  'THREE' is not defined               no-undef
  104:56   warning  'THREE' is not defined               no-undef
  105:24   warning  'gridY' is not defined               no-undef
  108:9    warning  'CylinderL1' is not defined          no-undef
  108:26   warning  'THREE' is not defined               no-undef
  108:41   warning  'THREE' is not defined               no-undef
  108:86   warning  'THREE' is not defined               no-undef
  109:9    warning  'CylinderL1' is not defined          no-undef
  110:24   warning  'CylinderL1' is not defined          no-undef
  112:9    warning  'Cylinder1L1' is not defined         no-undef
  112:27   warning  'THREE' is not defined               no-undef
  112:42   warning  'THREE' is not defined               no-undef
  112:87   warning  'THREE' is not defined               no-undef
  113:9    warning  'Cylinder1L1' is not defined         no-undef
  114:9    warning  'CylinderL1' is not defined          no-undef
  114:24   warning  'Cylinder1L1' is not defined         no-undef
  116:32   warning  'THREE' is not defined               no-undef
  116:47   warning  'THREE' is not defined               no-undef
  116:92   warning  'THREE' is not defined               no-undef
  118:9    warning  'Cylinder1L1' is not defined         no-undef
  121:27   warning  'THREE' is not defined               no-undef
  121:42   warning  'THREE' is not defined               no-undef
  121:101  warning  'THREE' is not defined               no-undef
  125:9    warning  'Box2L2' is not defined              no-undef
  125:22   warning  'THREE' is not defined               no-undef
  125:37   warning  'THREE' is not defined               no-undef
  125:74   warning  'THREE' is not defined               no-undef
  126:9    warning  'Box3L2' is not defined              no-undef
  126:22   warning  'THREE' is not defined               no-undef
  126:37   warning  'THREE' is not defined               no-undef
  126:74   warning  'THREE' is not defined               no-undef
  127:9    warning  'Box3L2' is not defined              no-undef
  128:9    warning  'Box3L2' is not defined              no-undef
  130:9    warning  'Cylinder1L2' is not defined         no-undef
  130:27   warning  'THREE' is not defined               no-undef
  130:42   warning  'THREE' is not defined               no-undef
  130:87   warning  'THREE' is not defined               no-undef
  131:9    warning  'Cylinder1L2' is not defined         no-undef
  133:9    warning  'Cylinder2L2' is not defined         no-undef
  133:27   warning  'THREE' is not defined               no-undef
  133:42   warning  'THREE' is not defined               no-undef
  133:87   warning  'THREE' is not defined               no-undef
  134:9    warning  'Cylinder2L2' is not defined         no-undef
  136:9    warning  'Link1' is not defined               no-undef
  136:21   warning  'THREE' is not defined               no-undef
  137:9    warning  'THREE' is not defined               no-undef
  137:35   warning  'Link1' is not defined               no-undef
  137:42   warning  'Box2L2' is not defined              no-undef
  138:9    warning  'THREE' is not defined               no-undef
  138:35   warning  'Link1' is not defined               no-undef
  138:42   warning  'Box3L2' is not defined              no-undef
  139:9    warning  'THREE' is not defined               no-undef
  139:35   warning  'Link1' is not defined               no-undef
  139:42   warning  'Cylinder1L2' is not defined         no-undef
  140:9    warning  'THREE' is not defined               no-undef
  140:35   warning  'Link1' is not defined               no-undef
  140:42   warning  'Cylinder2L2' is not defined         no-undef
  141:9    warning  'Link1Mesh' is not defined           no-undef
  141:25   warning  'THREE' is not defined               no-undef
  141:36   warning  'Link1' is not defined               no-undef
  141:47   warning  'THREE' is not defined               no-undef
  142:9    warning  'Link1Mesh' is not defined           no-undef
  143:9    warning  'Link1Mesh' is not defined           no-undef
  144:25   warning  'Link1Mesh' is not defined           no-undef
  146:9    warning  'Link2' is not defined               no-undef
  146:21   warning  'THREE' is not defined               no-undef
  147:9    warning  'THREE' is not defined               no-undef
  147:35   warning  'Link2' is not defined               no-undef
  147:42   warning  'Box2L2' is not defined              no-undef
  148:9    warning  'THREE' is not defined               no-undef
  148:35   warning  'Link2' is not defined               no-undef
  148:42   warning  'Box3L2' is not defined              no-undef
  149:9    warning  'THREE' is not defined               no-undef
  149:35   warning  'Link2' is not defined               no-undef
  149:42   warning  'Cylinder1L2' is not defined         no-undef
  150:9    warning  'THREE' is not defined               no-undef
  150:35   warning  'Link2' is not defined               no-undef
  150:42   warning  'Cylinder2L2' is not defined         no-undef
  151:9    warning  'Link2Mesh' is not defined           no-undef
  151:25   warning  'THREE' is not defined               no-undef
  151:36   warning  'Link2' is not defined               no-undef
  151:47   warning  'THREE' is not defined               no-undef
  151:99   warning  'THREE' is not defined               no-undef
  151:141  warning  'THREE' is not defined               no-undef
  152:9    warning  'Link2Mesh' is not defined           no-undef
  153:9    warning  'Link2Mesh' is not defined           no-undef
  154:25   warning  'Link2Mesh' is not defined           no-undef
  156:9    warning  'Box4L2' is not defined              no-undef
  156:22   warning  'THREE' is not defined               no-undef
  156:37   warning  'THREE' is not defined               no-undef
  156:74   warning  'THREE' is not defined               no-undef
  157:9    warning  'Box4L2' is not defined              no-undef
  158:25   warning  'Box4L2' is not defined              no-undef
  159:9    warning  'Box5L2' is not defined              no-undef
  159:22   warning  'THREE' is not defined               no-undef
  159:37   warning  'THREE' is not defined               no-undef
  159:74   warning  'THREE' is not defined               no-undef
  160:9    warning  'Box5L2' is not defined              no-undef
  162:9    warning  'Box5L2' is not defined              no-undef
  163:25   warning  'Box5L2' is not defined              no-undef
  165:9    warning  'Cylinder3L2' is not defined         no-undef
  165:27   warning  'THREE' is not defined               no-undef
  165:42   warning  'THREE' is not defined               no-undef
  165:88   warning  'THREE' is not defined               no-undef
  166:9    warning  'Cylinder3L2' is not defined         no-undef
  167:9    warning  'Cylinder3L2' is not defined         no-undef
  168:9    warning  'Box4L2' is not defined              no-undef
  168:20   warning  'Cylinder3L2' is not defined         no-undef
  171:31   warning  'THREE' is not defined               no-undef
  171:46   warning  'THREE' is not defined               no-undef
  171:92   warning  'THREE' is not defined               no-undef
  177:26   warning  'THREE' is not defined               no-undef
  177:41   warning  'THREE' is not defined               no-undef
  177:78   warning  'THREE' is not defined               no-undef
  181:9    warning  'Box2L3' is not defined              no-undef
  181:22   warning  'THREE' is not defined               no-undef
  181:37   warning  'THREE' is not defined               no-undef
  181:72   warning  'THREE' is not defined               no-undef
  182:9    warning  'Box2L3' is not defined              no-undef
  183:9    warning  'Box2L3' is not defined              no-undef
  184:9    warning  'Box2L3' is not defined              no-undef
  186:9    warning  'Box3L3' is not defined              no-undef
  186:22   warning  'THREE' is not defined               no-undef
  186:37   warning  'THREE' is not defined               no-undef
  186:72   warning  'THREE' is not defined               no-undef
  187:9    warning  'Box3L3' is not defined              no-undef
  188:9    warning  'Box3L3' is not defined              no-undef
  189:9    warning  'Box3L3' is not defined              no-undef
  191:32   warning  'THREE' is not defined               no-undef
  191:47   warning  'THREE' is not defined               no-undef
  191:93   warning  'THREE' is not defined               no-undef
  196:9    warning  'Cylinder3L3' is not defined         no-undef
  196:27   warning  'THREE' is not defined               no-undef
  196:42   warning  'THREE' is not defined               no-undef
  196:87   warning  'THREE' is not defined               no-undef
  197:9    warning  'Cylinder3L3' is not defined         no-undef
  198:9    warning  'Cylinder3L3' is not defined         no-undef
  200:9    warning  'Link3' is not defined               no-undef
  200:21   warning  'THREE' is not defined               no-undef
  201:9    warning  'THREE' is not defined               no-undef
  201:35   warning  'Link3' is not defined               no-undef
  202:9    warning  'THREE' is not defined               no-undef
  202:35   warning  'Link3' is not defined               no-undef
  202:42   warning  'Box2L3' is not defined              no-undef
  203:9    warning  'THREE' is not defined               no-undef
  203:35   warning  'Link3' is not defined               no-undef
  203:42   warning  'Box3L3' is not defined              no-undef
  204:9    warning  'THREE' is not defined               no-undef
  204:35   warning  'Link3' is not defined               no-undef
  204:42   warning  'Cylinder3L3' is not defined         no-undef
  205:30   warning  'THREE' is not defined               no-undef
  205:41   warning  'Link3' is not defined               no-undef
  205:52   warning  'THREE' is not defined               no-undef
  216:9    warning  'Box2L4' is not defined              no-undef
  216:22   warning  'THREE' is not defined               no-undef
  216:37   warning  'THREE' is not defined               no-undef
  216:73   warning  'THREE' is not defined               no-undef
  217:9    warning  'Box2L4' is not defined              no-undef
  219:9    warning  'CylinderL4' is not defined          no-undef
  219:26   warning  'THREE' is not defined               no-undef
  219:41   warning  'THREE' is not defined               no-undef
  219:86   warning  'THREE' is not defined               no-undef
  220:9    warning  'CylinderL4' is not defined          no-undef
  221:9    warning  'CylinderL4' is not defined          no-undef
  223:9    warning  'Cylinder2L4' is not defined         no-undef
  223:27   warning  'THREE' is not defined               no-undef
  223:42   warning  'THREE' is not defined               no-undef
  223:88   warning  'THREE' is not defined               no-undef
  224:9    warning  'Cylinder2L4' is not defined         no-undef
  225:9    warning  'Cylinder2L4' is not defined         no-undef
  227:9    warning  'Link4' is not defined               no-undef
  227:21   warning  'THREE' is not defined               no-undef
  228:9    warning  'THREE' is not defined               no-undef
  228:35   warning  'Link4' is not defined               no-undef
  228:42   warning  'Cylinder2L4' is not defined         no-undef
  229:9    warning  'THREE' is not defined               no-undef
  229:35   warning  'Link4' is not defined               no-undef
  229:42   warning  'Box2L4' is not defined              no-undef
  230:9    warning  'THREE' is not defined               no-undef
  230:35   warning  'Link4' is not defined               no-undef
  230:42   warning  'CylinderL4' is not defined          no-undef
  231:30   warning  'THREE' is not defined               no-undef
  231:41   warning  'Link4' is not defined               no-undef
  231:52   warning  'THREE' is not defined               no-undef
  231:125  warning  'THREE' is not defined               no-undef
  243:32   warning  'THREE' is not defined               no-undef
  243:47   warning  'THREE' is not defined               no-undef
  243:92   warning  'THREE' is not defined               no-undef
  243:165  warning  'THREE' is not defined               no-undef
  248:32   warning  'THREE' is not defined               no-undef
  248:47   warning  'THREE' is not defined               no-undef
  248:92   warning  'THREE' is not defined               no-undef
  254:9    warning  'Cylinder5L5' is not defined         no-undef
  254:27   warning  'THREE' is not defined               no-undef
  254:42   warning  'THREE' is not defined               no-undef
  254:87   warning  'THREE' is not defined               no-undef
  254:160  warning  'THREE' is not defined               no-undef
  255:28   warning  'Cylinder5L5' is not defined         no-undef
  256:9    warning  'Cylinder5L5' is not defined         no-undef
  257:9    warning  'Cylinder5L5' is not defined         no-undef
  259:32   warning  'THREE' is not defined               no-undef
  259:47   warning  'THREE' is not defined               no-undef
  259:93   warning  'THREE' is not defined               no-undef
  264:9    warning  'Box1L6' is not defined              no-undef
  264:22   warning  'THREE' is not defined               no-undef
  264:37   warning  'THREE' is not defined               no-undef
  264:73   warning  'THREE' is not defined               no-undef
  266:9    warning  'Box1L6' is not defined              no-undef
  267:30   warning  'Box1L6' is not defined              no-undef
  269:9    warning  'Box2L6' is not defined              no-undef
  269:22   warning  'THREE' is not defined               no-undef
  269:37   warning  'THREE' is not defined               no-undef
  269:73   warning  'THREE' is not defined               no-undef
  270:9    warning  'Box2L6' is not defined              no-undef
  271:9    warning  'Box1L6' is not defined              no-undef
  271:20   warning  'Box2L6' is not defined              no-undef
  273:27   warning  'THREE' is not defined               no-undef
  273:42   warning  'THREE' is not defined               no-undef
  273:77   warning  'THREE' is not defined               no-undef
  277:9    warning  'Box2L6' is not defined              no-undef
  278:27   warning  'THREE' is not defined               no-undef
  278:42   warning  'THREE' is not defined               no-undef
  278:77   warning  'THREE' is not defined               no-undef
  282:9    warning  'Box2L6' is not defined              no-undef
  301:10   warning  'animate' is defined but never used  no-unused-vars

/home/runner/work/exp-parametric-voltage-waveform-iitkgp/exp-parametric-voltage-waveform-iitkgp/experiment/simulation/js/MOVEMASTER_tmat.js
   10:5   warning  't11' is assigned a value but never used    no-unused-vars
   10:10  warning  't22' is assigned a value but never used    no-unused-vars
   10:15  warning  't33' is assigned a value but never used    no-unused-vars
   10:20  warning  't44' is assigned a value but never used    no-unused-vars
   10:25  warning  't55' is assigned a value but never used    no-unused-vars
   10:30  warning  't66' is assigned a value but never used    no-unused-vars
   42:10  warning  'myFunction' is defined but never used      no-unused-vars
   76:3   warning  'movemasterchange' is not defined           no-undef
   85:5   warning  'R11' is not defined                        no-undef
   86:5   warning  'R12' is not defined                        no-undef
   87:5   warning  'R13' is not defined                        no-undef
   88:5   warning  'P1' is not defined                         no-undef
   90:5   warning  'R21' is not defined                        no-undef
   91:5   warning  'R22' is not defined                        no-undef
   92:5   warning  'R23' is not defined                        no-undef
   93:5   warning  'P2' is not defined                         no-undef
   95:5   warning  'R31' is not defined                        no-undef
   96:5   warning  'R32' is not defined                        no-undef
   97:5   warning  'R33' is not defined                        no-undef
   98:5   warning  'P3' is not defined                         no-undef
  114:16  warning  'R11' is not defined                        no-undef
  114:21  warning  'R12' is not defined                        no-undef
  114:26  warning  'R13' is not defined                        no-undef
  114:31  warning  'P1' is not defined                         no-undef
  114:37  warning  'R21' is not defined                        no-undef
  114:42  warning  'R22' is not defined                        no-undef
  114:47  warning  'R23' is not defined                        no-undef
  114:52  warning  'P2' is not defined                         no-undef
  114:58  warning  'R31' is not defined                        no-undef
  114:63  warning  'R32' is not defined                        no-undef
  114:68  warning  'R33' is not defined                        no-undef
  114:73  warning  'P3' is not defined                         no-undef
  131:10  warning  'print' is defined but never used           no-unused-vars
  133:20  warning  'math' is not defined                       no-undef
  135:10  warning  'tmat_workspace' is defined but never used  no-unused-vars
  142:5   warning  'R11' is not defined                        no-undef
  143:5   warning  'R12' is not defined                        no-undef
  144:5   warning  'R13' is not defined                        no-undef
  145:5   warning  'P1' is not defined                         no-undef
  147:5   warning  'R21' is not defined                        no-undef
  148:5   warning  'R22' is not defined                        no-undef
  149:5   warning  'R23' is not defined                        no-undef
  150:5   warning  'P2' is not defined                         no-undef
  152:5   warning  'R31' is not defined                        no-undef
  153:5   warning  'R32' is not defined                        no-undef
  154:5   warning  'R33' is not defined                        no-undef
  155:5   warning  'P3' is not defined                         no-undef
  157:16  warning  'R11' is not defined                        no-undef
  157:21  warning  'R12' is not defined                        no-undef
  157:26  warning  'R13' is not defined                        no-undef
  157:31  warning  'P1' is not defined                         no-undef
  157:37  warning  'R21' is not defined                        no-undef
  157:42  warning  'R22' is not defined                        no-undef
  157:47  warning  'R23' is not defined                        no-undef
  157:52  warning  'P2' is not defined                         no-undef
  157:58  warning  'R31' is not defined                        no-undef
  157:63  warning  'R32' is not defined                        no-undef
  157:68  warning  'R33' is not defined                        no-undef
  157:73  warning  'P3' is not defined                         no-undef

/home/runner/work/exp-parametric-voltage-waveform-iitkgp/exp-parametric-voltage-waveform-iitkgp/experiment/simulation/js/axis.js
  10:10  warning  'buildAxes' is defined but never used  no-unused-vars
  11:20  warning  'THREE' is not defined                 no-undef
  13:28  warning  'THREE' is not defined                 no-undef
  13:56  warning  'THREE' is not defined                 no-undef
  14:28  warning  'THREE' is not defined                 no-undef
  14:56  warning  'THREE' is not defined                 no-undef
  15:28  warning  'THREE' is not defined                 no-undef
  15:56  warning  'THREE' is not defined                 no-undef
  16:28  warning  'THREE' is not defined                 no-undef
  16:56  warning  'THREE' is not defined                 no-undef
  17:28  warning  'THREE' is not defined                 no-undef
  17:56  warning  'THREE' is not defined                 no-undef
  18:28  warning  'THREE' is not defined                 no-undef
  18:56  warning  'THREE' is not defined                 no-undef
  24:20  warning  'THREE' is not defined                 no-undef
  27:19  warning  'THREE' is not defined                 no-undef
  29:19  warning  'THREE' is not defined                 no-undef
  36:20  warning  'THREE' is not defined                 no-undef
  36:42  warning  'THREE' is not defined                 no-undef

/home/runner/work/exp-parametric-voltage-waveform-iitkgp/exp-parametric-voltage-waveform-iitkgp/experiment/simulation/js/capac.js
   7:11  warning  'capafn' is defined but never used    no-unused-vars
  24:22  warning  'capafnn' is defined but never used   no-unused-vars
  41:23  warning  'capafun' is defined but never used   no-unused-vars
  58:10  warning  'capafunt' is defined but never used  no-unused-vars
  74:10  warning  'capafnnt' is defined but never used  no-unused-vars

/home/runner/work/exp-parametric-voltage-waveform-iitkgp/exp-parametric-voltage-waveform-iitkgp/experiment/simulation/js/control.js
   13:10  warning  'trigger_generator' is defined but never used  no-unused-vars
   16:9   warning  'scene' is not defined                         no-undef
   20:13  warning  'scene' is not defined                         no-undef
   31:9   warning  'scene' is not defined                         no-undef
   39:21  warning  'scene' is not defined                         no-undef
   62:9   warning  'scene' is not defined                         no-undef
  167:9   warning  '$' is not defined                             no-undef
  186:13  warning  'index' is not defined                         no-undef
  189:16  warning  'index' is not defined                         no-undef
  192:16  warning  'index' is not defined                         no-undef
  203:5   warning  'graphGenerator' is not defined                no-undef
  205:30  warning  'graphURI' is not defined                      no-undef
  215:10  warning  'ground_switch' is defined but never used      no-unused-vars
  217:9   warning  'scene' is not defined                         no-undef
  221:13  warning  'scene' is not defined                         no-undef
  241:10  warning  'charge_capacitor' is defined but never used   no-unused-vars
  243:9   warning  'scene' is not defined                         no-undef
  284:10  warning  'restart' is defined but never used            no-unused-vars
  295:10  warning  'toggleButton' is defined but never used       no-unused-vars
  300:14  warning  'index' is not defined                         no-undef
  312:10  warning  'aaa' is defined but never used                no-unused-vars
  315:10  warning  'aaa1' is defined but never used               no-unused-vars
  318:10  warning  'aaa2' is defined but never used               no-unused-vars
  321:10  warning  'aaa3' is defined but never used               no-unused-vars
  324:10  warning  'aaa4' is defined but never used               no-unused-vars
  327:10  warning  'aaa8' is defined but never used               no-unused-vars
  333:10  warning  'changeThings' is defined but never used       no-unused-vars

/home/runner/work/exp-parametric-voltage-waveform-iitkgp/exp-parametric-voltage-waveform-iitkgp/experiment/simulation/js/gl-matrix-min.js
  28:97   warning  'define' is not defined   no-undef
  28:119  warning  'define' is not defined   no-undef
  28:144  warning  'define' is not defined   no-undef
  28:209  warning  'exports' is not defined  no-undef

/home/runner/work/exp-parametric-voltage-waveform-iitkgp/exp-parametric-voltage-waveform-iitkgp/experiment/simulation/js/graph.js
  9:5  warning  'trace1' is assigned a value but never used  no-unused-vars

/home/runner/work/exp-parametric-voltage-waveform-iitkgp/exp-parametric-voltage-waveform-iitkgp/experiment/simulation/js/ivg.js
   12:5   warning  'graphURI' is assigned a value but never used     no-unused-vars
   15:5   warning  't' is assigned a value but never used            no-unused-vars
   16:5   warning  'V' is assigned a value but never used            no-unused-vars
   17:1   warning  'google' is not defined                           no-undef
   18:1   warning  'google' is not defined                           no-undef
   19:1   warning  '$' is not defined                                no-undef
   37:21  warning  'google' is not defined                           no-undef
   76:17  warning  'google' is not defined                           no-undef
   77:7   warning  'google' is not defined                           no-undef
   94:9   warning  'd' is assigned a value but never used            no-unused-vars
   97:9   warning  'z' is assigned a value but never used            no-unused-vars
  120:9   warning  'titleGraph' is assigned a value but never used   no-unused-vars
  121:9   warning  'titleGraph1' is assigned a value but never used  no-unused-vars
  123:14  warning  'i' is already defined                            no-redeclare
  137:21  warning  'google' is not defined                           no-undef
  183:10  warning  'changeThings' is defined but never used          no-unused-vars

/home/runner/work/exp-parametric-voltage-waveform-iitkgp/exp-parametric-voltage-waveform-iitkgp/experiment/simulation/js/jquery-3.1.1.js
     18:44  warning  'module' is not defined                                                    no-undef
     27:3   warning  'module' is not defined                                                    no-undef
     84:11  warning  'Symbol' is already defined as a built-in global variable                  no-redeclare
    699:15  warning  Unexpected control character(s) in regular expression: \x1f, \x1f          no-control-regex
    754:39  warning  Empty block statement                                                      no-empty
    878:27  warning  Empty block statement                                                      no-empty
   1546:15  warning  Empty block statement                                                      no-empty
   1945:28  warning  Do not access Object.prototype method 'hasOwnProperty' from target object  no-prototype-builtins
   2846:31  warning  Unnecessary escape character: \/                                           no-useless-escape
   2850:24  warning  Unnecessary escape character: \[                                           no-useless-escape
   2850:26  warning  Unnecessary escape character: \.                                           no-useless-escape
   3157:55  warning  Empty block statement                                                      no-empty
   4230:18  warning  Empty block statement                                                      no-empty
   4690:28  warning  Unnecessary escape character: \/                                           no-useless-escape
   4897:18  warning  Empty block statement                                                      no-empty
   5614:75  warning  Unnecessary escape character: \/                                           no-useless-escape
   6008:19  warning  Empty block statement                                                      no-empty
   8997:22  warning  'urlAnchor.href' is assigned to itself                                     no-self-assign
   9398:16  warning  Empty block statement                                                      no-empty
  10179:38  warning  'define' is not defined                                                    no-undef
  10180:2   warning  'define' is not defined                                                    no-undef

/home/runner/work/exp-parametric-voltage-waveform-iitkgp/exp-parametric-voltage-waveform-iitkgp/experiment/simulation/js/jquery.js
    14:20  warning  Shadowing of global property 'undefined'                                   no-shadow-restricted-names
   877:20  warning  Shadowing of global property 'undefined'                                   no-shadow-restricted-names
  1036:39  warning  Empty block statement                                                      no-empty
  1137:23  warning  Empty block statement                                                      no-empty
  1753:14  warning  Empty block statement                                                      no-empty
  2104:28  warning  Do not access Object.prototype method 'hasOwnProperty' from target object  no-prototype-builtins
  3664:17  warning  Empty block statement                                                      no-empty
  4332:18  warning  Empty block statement                                                      no-empty
  5145:23  warning  Unnecessary escape character: \[                                           no-useless-escape
  5145:25  warning  Unnecessary escape character: \.                                           no-useless-escape
  5285:51  warning  Empty block statement                                                      no-empty
  5581:18  warning  Empty block statement                                                      no-empty
  6780:32  warning  Unnecessary escape character: \/                                           no-useless-escape
  7760:15  warning  Empty block statement                                                      no-empty
  8817:36  warning  'module' is not defined                                                    no-undef
  8817:53  warning  'module' is not defined                                                    no-undef
  8822:2   warning  'module' is not defined                                                    no-undef
  8831:39  warning  'define' is not defined                                                    no-undef
  8832:3   warning  'define' is not defined                                                    no-undef

/home/runner/work/exp-parametric-voltage-waveform-iitkgp/exp-parametric-voltage-waveform-iitkgp/experiment/simulation/js/loader.js
    9:400  warning  Expected a conditional expression and instead saw an assignment                  no-cond-assign
   10:193  warning  Expected a conditional expression and instead saw an assignment                  no-cond-assign
   10:231  warning  Expected a conditional expression and instead saw an assignment                  no-cond-assign
   12:301  warning  'e' is already defined                                                           no-redeclare
   16:474  warning  Expected a conditional expression and instead saw an assignment                  no-cond-assign
   21:1    warning  'h' is already defined                                                           no-redeclare
   21:100  warning  'e' is already defined                                                           no-redeclare
   22:310  warning  Do not access Object.prototype method 'propertyIsEnumerable' from target object  no-prototype-builtins
   22:452  warning  Do not access Object.prototype method 'propertyIsEnumerable' from target object  no-prototype-builtins
   24:241  warning  Empty block statement                                                            no-empty
   24:392  warning  'c' is already defined                                                           no-redeclare
   24:469  warning  'c' is defined but never used                                                    no-unused-vars
   24:471  warning  'd' is defined but never used                                                    no-unused-vars
   25:19   warning  'd' is defined but never used                                                    no-unused-vars
   25:293  warning  'a' is defined but never used                                                    no-unused-vars
   25:295  warning  'c' is defined but never used                                                    no-unused-vars
   25:297  warning  'd' is defined but never used                                                    no-unused-vars
   26:17   warning  'c' is defined but never used                                                    no-unused-vars
   27:233  warning  Empty block statement                                                            no-empty
   29:338  warning  'g' is defined but never used                                                    no-unused-vars
   30:19   warning  'd' is defined but never used                                                    no-unused-vars
   30:437  warning  'g' is already defined                                                           no-redeclare
   33:78   warning  'c[Z.D]' is assigned to itself                                                   no-self-assign
   37:19   warning  'c' is defined but never used                                                    no-unused-vars
   42:485  warning  Unexpected control character(s) in regular expression: \x00                      no-control-regex
   43:15   warning  Unexpected control character(s) in regular expression: \x00                      no-control-regex
   43:30   warning  Unexpected control character(s) in regular expression: \x00                      no-control-regex
   45:325  warning  Spaces are hard to count. Use {2}                                                no-regex-spaces
   49:377  warning  Unnecessary escape character: \[                                                 no-useless-escape
   49:388  warning  Unnecessary escape character: \^                                                 no-useless-escape
   49:419  warning  Unexpected control character(s) in regular expression: \x08                      no-control-regex
   50:309  warning  'a' is defined but never used                                                    no-unused-vars
   52:430  warning  Unnecessary escape character: \-                                                 no-useless-escape
   55:590  warning  'f' is already defined                                                           no-redeclare
   55:728  warning  'd' is defined but never used                                                    no-unused-vars
   56:19   warning  'c' is defined but never used                                                    no-unused-vars
   56:133  warning  'd' is defined but never used                                                    no-unused-vars
   56:277  warning  'd' is defined but never used                                                    no-unused-vars
   57:21   warning  'd' is defined but never used                                                    no-unused-vars
   57:167  warning  'd' is defined but never used                                                    no-unused-vars
   57:310  warning  'd' is defined but never used                                                    no-unused-vars
   58:21   warning  'd' is defined but never used                                                    no-unused-vars
   58:166  warning  'd' is defined but never used                                                    no-unused-vars
   58:336  warning  'e' is defined but never used                                                    no-unused-vars
   68:120  warning  'a' is defined but never used                                                    no-unused-vars
   68:205  warning  'a' is defined but never used                                                    no-unused-vars
   69:23   warning  'c' is defined but never used                                                    no-unused-vars
   69:209  warning  'c' is defined but never used                                                    no-unused-vars
   69:211  warning  'd' is defined but never used                                                    no-unused-vars
   69:213  warning  'e' is defined but never used                                                    no-unused-vars
   74:251  warning  'a' is defined but never used                                                    no-unused-vars
   76:17   warning  'a' is defined but never used                                                    no-unused-vars
  128:444  warning  Expected a conditional expression and instead saw an assignment                  no-cond-assign
  129:32   warning  Expected a conditional expression and instead saw an assignment                  no-cond-assign
  129:237  warning  Expected a conditional expression and instead saw an assignment                  no-cond-assign
  131:470  warning  'a' is already defined                                                           no-redeclare
  145:221  warning  Empty block statement                                                            no-empty
  148:126  warning  'e' is already defined                                                           no-redeclare

/home/runner/work/exp-parametric-voltage-waveform-iitkgp/exp-parametric-voltage-waveform-iitkgp/experiment/simulation/js/model.js
  158:75  error  Parsing error: Invalid number

/home/runner/work/exp-parametric-voltage-waveform-iitkgp/exp-parametric-voltage-waveform-iitkgp/experiment/simulation/js/pickFlyOrbit.js
  4:14  error  Parsing error: Unexpected token (

/home/runner/work/exp-parametric-voltage-waveform-iitkgp/exp-parametric-voltage-waveform-iitkgp/experiment/simulation/js/quiz/quiz-data.js
  12:5  warning  'quizJSON' is assigned a value but never used  no-unused-vars

/home/runner/work/exp-parametric-voltage-waveform-iitkgp/exp-parametric-voltage-waveform-iitkgp/experiment/simulation/js/quiz/vlab-quiz-controller.js
  25:21   warning  'quizJSON' is not defined             no-undef
  30:20   warning  'quizJSON' is not defined             no-undef
  31:80   warning  'quizJSON' is not defined             no-undef
  33:121  warning  'quizJSON' is not defined             no-undef
  39:10   warning  'quizNext' is defined but never used  no-unused-vars
  55:63   warning  'quizJSON' is not defined             no-undef
  56:24   warning  'quizJSON' is not defined             no-undef
  59:85   warning  'quizJSON' is not defined             no-undef
  60:17   warning  'quizJSON' is not defined             no-undef
  63:13   warning  'quizJSON' is not defined             no-undef
  65:156  warning  'quizJSON' is not defined             no-undef
  67:219  warning  'quizJSON' is not defined             no-undef
  73:17   warning  'quizJSON' is not defined             no-undef
  75:17   warning  'quizJSON' is not defined             no-undef
  77:17   warning  'quizJSON' is not defined             no-undef
  79:17   warning  'quizJSON' is not defined             no-undef
  81:17   warning  'quizJSON' is not defined             no-undef
  87:10   warning  'tryAgain' is defined but never used  no-unused-vars
  97:5    warning  'MathJax' is not defined              no-undef
  97:35   warning  'MathJax' is not defined              no-undef

/home/runner/work/exp-parametric-voltage-waveform-iitkgp/exp-parametric-voltage-waveform-iitkgp/experiment/simulation/js/quiz/vlab-quiz-data.js
  6:5  warning  'quizJSON' is assigned a value but never used  no-unused-vars

/home/runner/work/exp-parametric-voltage-waveform-iitkgp/exp-parametric-voltage-waveform-iitkgp/experiment/simulation/js/scenejs.js
     18:402  warning  Expected a conditional expression and instead saw an assignment                  no-cond-assign
     18:435  warning  Expected a conditional expression and instead saw an assignment                  no-cond-assign
     21:212  warning  Expected a conditional expression and instead saw an assignment                  no-cond-assign
     23:206  warning  'a' is already defined                                                           no-redeclare
     31:403  warning  Expected a conditional expression and instead saw an assignment                  no-cond-assign
     38:77   warning  Unnecessary escape character: \+                                                 no-useless-escape
     38:79   warning  Unnecessary escape character: \.                                                 no-useless-escape
     38:81   warning  Unnecessary escape character: \-                                                 no-useless-escape
     39:472  warning  'opera' is not defined                                                           no-undef
     43:24   warning  'importScripts' is not defined                                                   no-undef
     43:225  warning  Expected a conditional expression and instead saw an assignment                  no-cond-assign
     46:1    warning  'WebGLDebugUtils' is not defined                                                 no-undef
    237:2    warning  Unnecessary semicolon                                                            no-extra-semi
    254:10   warning  'makeFunctionWrapper' is defined but never used                                  no-unused-vars
    326:25   warning  Do not access Object.prototype method 'hasOwnProperty' from target object        no-prototype-builtins
    351:12   warning  'ii' is already defined                                                          no-redeclare
    408:7    warning  'wrappedContext_' is already defined                                             no-redeclare
    411:7    warning  'resourceId_' is assigned a value but never used                                 no-unused-vars
    460:56   warning  'bubble' is defined but never used                                               no-unused-vars
    548:12   warning  'checkResources' is defined but never used                                       no-unused-vars
    639:16   warning  Expected a conditional expression and instead saw an assignment                  no-cond-assign
    643:16   warning  'err' is already defined                                                         no-redeclare
    695:14   warning  'ii' is already defined                                                          no-redeclare
    696:11   warning  'functionName' is already defined                                                no-redeclare
    717:14   warning  'ii' is already defined                                                          no-redeclare
    718:11   warning  'functionName' is already defined                                                no-redeclare
    929:20   warning  Unexpected constant condition                                                    no-constant-condition
    993:34   warning  Do not access Object.prototype method 'hasOwnProperty' from target object        no-prototype-builtins
   1012:34   warning  Do not access Object.prototype method 'hasOwnProperty' from target object        no-prototype-builtins
   1145:22   warning  'sceneId' is already defined                                                     no-redeclare
   1146:35   warning  Do not access Object.prototype method 'hasOwnProperty' from target object        no-prototype-builtins
   1167:31   warning  Do not access Object.prototype method 'hasOwnProperty' from target object        no-prototype-builtins
   1180:43   warning  Do not access Object.prototype method 'propertyIsEnumerable' from target object  no-prototype-builtins
   1190:19   warning  Do not access Object.prototype method 'hasOwnProperty' from target object        no-prototype-builtins
   1203:19   warning  Do not access Object.prototype method 'hasOwnProperty' from target object        no-prototype-builtins
   1221:24   warning  Do not access Object.prototype method 'hasOwnProperty' from target object        no-prototype-builtins
   1227:19   warning  Do not access Object.prototype method 'hasOwnProperty' from target object        no-prototype-builtins
   1243:31   warning  Do not access Object.prototype method 'hasOwnProperty' from target object        no-prototype-builtins
   1341:26   warning  Do not access Object.prototype method 'hasOwnProperty' from target object        no-prototype-builtins
   1464:13   warning  'self' is assigned a value but never used                                        no-unused-vars
   1625:13   warning  Unreachable code                                                                 no-unreachable
   1634:13   warning  Unreachable code                                                                 no-unreachable
   1643:13   warning  Unreachable code                                                                 no-unreachable
   1652:13   warning  Unreachable code                                                                 no-unreachable
   1722:11   warning  'WebGLDebugUtils' is not defined                                                 no-undef
   1909:19   warning  'event' is defined but never used                                                no-unused-vars
   2032:21   warning  Do not access Object.prototype method 'hasOwnProperty' from target object        no-prototype-builtins
   2233:36   warning  'SceneJS_PubSubProxy' is not defined                                             no-undef
   2327:60   warning  'element' is defined but never used                                              no-unused-vars
   2420:28   warning  Do not access Object.prototype method 'hasOwnProperty' from target object        no-prototype-builtins
   2465:22   warning  'i' is already defined                                                           no-redeclare
   2658:5    warning  'SceneJS_math_divVec3' is assigned a value but never used                        no-unused-vars
   2676:5    warning  'SceneJS_math_negateVector4' is assigned a value but never used                  no-unused-vars
   2755:5    warning  'SceneJS_math_addVec3s' is assigned a value but never used                       no-unused-vars
   2768:5    warning  'SceneJS_math_addScalarVec4' is assigned a value but never used                  no-unused-vars
   2811:5    warning  'SceneJS_math_lerpVec3' is assigned a value but never used                       no-unused-vars
   2847:5    warning  'SceneJS_math_subVec4Scalar' is assigned a value but never used                  no-unused-vars
   2867:5    warning  'SceneJS_math_subScalarVec4' is assigned a value but never used                  no-unused-vars
   2887:5    warning  'SceneJS_math_mulVec4' is assigned a value but never used                        no-unused-vars
   2966:5    warning  'SceneJS_math_divVec4' is assigned a value but never used                        no-unused-vars
   3005:5    warning  'SceneJS_math_divVec3s' is assigned a value but never used                       no-unused-vars
   3024:5    warning  'SceneJS_math_divVec4s' is assigned a value but never used                       no-unused-vars
   3045:5    warning  'SceneJS_math_divScalarVec4' is assigned a value but never used                  no-unused-vars
   3165:5    warning  'SceneJS_math_normalizeVec2' is assigned a value but never used                  no-unused-vars
   3176:5    warning  'SceneJS_math_dupMat4' is assigned a value but never used                        no-unused-vars
   3181:5    warning  'SceneJS_math_getCellMat4' is assigned a value but never used                    no-unused-vars
   3191:5    warning  'SceneJS_math_getRowMat4' is assigned a value but never used                     no-unused-vars
   3209:5    warning  'SceneJS_math_setRowMat4s' is assigned a value but never used                    no-unused-vars
   3234:5    warning  'SceneJS_math_setColMat4Scalar' is assigned a value but never used               no-unused-vars
   3239:5    warning  'SceneJS_math_mat4To3' is assigned a value but never used                        no-unused-vars
   3258:5    warning  'SceneJS_math_setMat4ToZeroes' is assigned a value but never used                no-unused-vars
   3263:5    warning  'SceneJS_math_setMat4ToOnes' is assigned a value but never used                  no-unused-vars
   3283:5    warning  'SceneJS_math_diagonalMat4s' is assigned a value but never used                  no-unused-vars
   3293:5    warning  'SceneJS_math_isIdentityMat4' is assigned a value but never used                 no-unused-vars
   3311:5    warning  'SceneJS_math_negateMat4' is assigned a value but never used                     no-unused-vars
   3343:5    warning  'SceneJS_math_addMat4' is assigned a value but never used                        no-unused-vars
   3401:5    warning  'SceneJS_math_addScalarMat4' is assigned a value but never used                  no-unused-vars
   3412:5    warning  'SceneJS_math_subMat4' is assigned a value but never used                        no-unused-vars
   3444:5    warning  'SceneJS_math_subMat4Scalar' is assigned a value but never used                  no-unused-vars
   3476:5    warning  'SceneJS_math_subScalarMat4' is assigned a value but never used                  no-unused-vars
   3551:5    warning  'SceneJS_math_mulMat4s' is assigned a value but never used                       no-unused-vars
   3644:5    warning  'SceneJS_math_determinantMat4' is assigned a value but never used                no-unused-vars
   3713:5    warning  'SceneJS_math_traceMat4' is assigned a value but never used                      no-unused-vars
   3732:5    warning  'SceneJS_math_translationMat4s' is assigned a value but never used               no-unused-vars
   3785:5    warning  'SceneJS_math_rotationMat4c' is assigned a value but never used                  no-unused-vars
   3804:5    warning  'SceneJS_math_scalingMat4s' is assigned a value but never used                   no-unused-vars
   3811:5    warning  'SceneJS_math_LOOKAT_OBJ' is assigned a value but never used                     no-unused-vars
   4120:5    warning  'SceneJS_math_Plane3' is assigned a value but never used                         no-unused-vars
   4267:5    warning  'SceneJS_math_AxisBox3' is assigned a value but never used                       no-unused-vars
   4305:5    warning  'SceneJS_math_Sphere3' is assigned a value but never used                        no-unused-vars
   4329:5    warning  'SceneJS_math_billboardMat' is assigned a value but never used                   no-unused-vars
   4383:5    warning  'SceneJS_math_Frustum' is assigned a value but never used                        no-unused-vars
   4672:5    warning  'SceneJS_math_slerp' is assigned a value but never used                          no-unused-vars
   4707:5    warning  'SceneJS_math_conjugateQuaternion' is assigned a value but never used            no-unused-vars
   4711:5    warning  'SceneJS_math_angleAxisFromQuaternion' is assigned a value but never used        no-unused-vars
   4787:87   warning  'logging' is defined but never used                                              no-unused-vars
   4990:21   warning  'lines' is already defined                                                       no-redeclare
   4991:26   warning  'j' is already defined                                                           no-redeclare
   5223:10   warning  'SceneJS_webgl_ensureImageSizePowerOfTwo' is defined but never used              no-unused-vars
   5363:38   warning  'WebGLUnsignedByteArray' is not defined                                          no-undef
   5439:5    warning  'SceneJS_PickBufferOLD' is assigned a value but never used                       no-unused-vars
   5493:38   warning  'WebGLUnsignedByteArray' is not defined                                          no-undef
   5661:35   warning  'canvas' is defined but never used                                               no-unused-vars
   5912:48   warning  'type' is defined but never used                                                 no-unused-vars
   5912:54   warning  'superType' is defined but never used                                            no-unused-vars
   5933:48   warning  'type' is defined but never used                                                 no-unused-vars
   5933:54   warning  'factory' is defined but never used                                              no-unused-vars
   6041:25   warning  Do not access Object.prototype method 'hasOwnProperty' from target object        no-prototype-builtins
   6048:31   warning  Do not access Object.prototype method 'hasOwnProperty' from target object        no-prototype-builtins
   6240:30   warning  Do not access Object.prototype method 'hasOwnProperty' from target object        no-prototype-builtins
   6259:30   warning  Do not access Object.prototype method 'hasOwnProperty' from target object        no-prototype-builtins
   6916:46   warning  'type' is defined but never used                                                 no-unused-vars
   7152:22   warning  Do not access Object.prototype method 'hasOwnProperty' from target object        no-prototype-builtins
   7185:22   warning  Do not access Object.prototype method 'hasOwnProperty' from target object        no-prototype-builtins
   7206:22   warning  Do not access Object.prototype method 'hasOwnProperty' from target object        no-prototype-builtins
   7227:22   warning  Do not access Object.prototype method 'hasOwnProperty' from target object        no-prototype-builtins
   7248:22   warning  Do not access Object.prototype method 'hasOwnProperty' from target object        no-prototype-builtins
   7456:3    warning  'SceneJS_PubSubProxy' is not defined                                             no-undef
   7586:9    warning  'self' is assigned a value but never used                                        no-unused-vars
   7770:35   warning  Do not access Object.prototype method 'hasOwnProperty' from target object        no-prototype-builtins
   7847:23   warning  Do not access Object.prototype method 'hasOwnProperty' from target object        no-prototype-builtins
   8293:37   warning  Do not access Object.prototype method 'hasOwnProperty' from target object        no-prototype-builtins
   8306:22   warning  'params' is defined but never used                                               no-unused-vars
   8354:38   warning  'WebGLUnsignedByteArray' is not defined                                          no-undef
   8484:17   warning  'taskId' is defined but never used                                               no-unused-vars
   8792:22   warning  'i' is already defined                                                           no-redeclare
   8792:29   warning  'len' is already defined                                                         no-redeclare
   8932:18   warning  'i' is already defined                                                           no-redeclare
   8932:25   warning  'len' is already defined                                                         no-redeclare
   9307:47   warning  'ctx' is defined but never used                                                  no-unused-vars
   9463:24   warning  Do not access Object.prototype method 'hasOwnProperty' from target object        no-prototype-builtins
  10348:22   warning  'i' is already defined                                                           no-redeclare
  10348:29   warning  'len' is already defined                                                         no-redeclare
  10354:56   warning  Invalid typeof comparison value                                                  valid-typeof
  10361:54   warning  Invalid typeof comparison value                                                  valid-typeof
  10368:49   warning  Invalid typeof comparison value                                                  valid-typeof
  10375:50   warning  Invalid typeof comparison value                                                  valid-typeof
  10387:22   warning  'i' is already defined                                                           no-redeclare
  10387:29   warning  'len' is already defined                                                         no-redeclare
  10645:14   warning  'createProps' is defined but never used                                          no-unused-vars
  10651:27   warning  Do not access Object.prototype method 'hasOwnProperty' from target object        no-prototype-builtins
  10693:23   warning  Do not access Object.prototype method 'hasOwnProperty' from target object        no-prototype-builtins
  10709:23   warning  Do not access Object.prototype method 'hasOwnProperty' from target object        no-prototype-builtins
  10739:23   warning  Do not access Object.prototype method 'hasOwnProperty' from target object        no-prototype-builtins
  11080:28   warning  Do not access Object.prototype method 'hasOwnProperty' from target object        no-prototype-builtins
  11962:26   warning  Do not access Object.prototype method 'hasOwnProperty' from target object        no-prototype-builtins
  11970:14   warning  'pushHooks' is defined but never used                                            no-unused-vars
  11973:23   warning  Do not access Object.prototype method 'hasOwnProperty' from target object        no-prototype-builtins
  12029:24   warning  Do not access Object.prototype method 'hasOwnProperty' from target object        no-prototype-builtins
  12043:28   warning  Do not access Object.prototype method 'hasOwnProperty' from target object        no-prototype-builtins
  12138:24   warning  Do not access Object.prototype method 'hasOwnProperty' from target object        no-prototype-builtins
  12152:28   warning  Do not access Object.prototype method 'hasOwnProperty' from target object        no-prototype-builtins
  12300:9    warning  'imageBasePath' is assigned a value but never used                               no-unused-vars
  12641:24   warning  Do not access Object.prototype method 'hasOwnProperty' from target object        no-prototype-builtins
  13637:33   warning  Do not access Object.prototype method 'hasOwnProperty' from target object        no-prototype-builtins
  14094:81   warning  'unique' is defined but never used                                               no-unused-vars
  14131:9    warning  'oldChunk' is already defined                                                    no-redeclare
  14246:27   warning  Do not access Object.prototype method 'hasOwnProperty' from target object        no-prototype-builtins
  14322:14   warning  'i' is already defined                                                           no-redeclare
  14407:18   warning  'i' is already defined                                                           no-redeclare
  14411:18   warning  'i' is already defined                                                           no-redeclare
  14416:22   warning  'j' is already defined                                                           no-redeclare
  14416:29   warning  'lenj' is already defined                                                        no-redeclare
  14605:18   warning  'i' is already defined                                                           no-redeclare
  14605:25   warning  'len' is already defined                                                         no-redeclare
  14621:22   warning  'i' is already defined                                                           no-redeclare
  14621:29   warning  'len' is already defined                                                         no-redeclare
  14706:13   warning  'clipping' is assigned a value but never used                                    no-unused-vars
  14807:13   warning  Unexpected constant condition                                                    no-constant-condition
  14807:22   warning  'debugCfg' is not defined                                                        no-undef
  14891:22   warning  'i' is already defined                                                           no-redeclare
  14935:13   warning  Unexpected constant condition                                                    no-constant-condition
  14935:22   warning  'debugCfg' is not defined                                                        no-undef
  15165:22   warning  'i' is already defined                                                           no-redeclare
  15230:13   warning  Unexpected constant condition                                                    no-constant-condition
  15230:22   warning  'debugCfg' is not defined                                                        no-undef
  15289:22   warning  'i' is already defined                                                           no-redeclare
  15335:22   warning  'i' is already defined                                                           no-redeclare
  15363:22   warning  'i' is already defined                                                           no-redeclare
  15437:13   warning  'layer' is already defined                                                       no-redeclare
  15447:22   warning  'i' is already defined                                                           no-redeclare
  15447:29   warning  'len' is already defined                                                         no-redeclare
  15543:17   warning  'light' is already defined                                                       no-redeclare
  15545:22   warning  'i' is already defined                                                           no-redeclare
  15545:29   warning  'len' is already defined                                                         no-redeclare
  15616:13   warning  Unexpected constant condition                                                    no-constant-condition
  15616:22   warning  'debugCfg' is not defined                                                        no-undef
  15733:28   warning  Do not access Object.prototype method 'hasOwnProperty' from target object        no-prototype-builtins
  16199:26   warning  Do not access Object.prototype method 'hasOwnProperty' from target object        no-prototype-builtins
  16283:18   warning  'i' is already defined                                                           no-redeclare
  16283:25   warning  'len' is already defined                                                         no-redeclare
  16349:27   warning  'ctx' is defined but never used                                                  no-unused-vars
  17156:32   warning  Do not access Object.prototype method 'hasOwnProperty' from target object        no-prototype-builtins
  17186:32   warning  Do not access Object.prototype method 'hasOwnProperty' from target object        no-prototype-builtins
  17519:18   warning  'j' is already defined                                                           no-redeclare
  17520:22   warning  'i' is already defined                                                           no-redeclare
  17655:18   warning  'latNumber' is already defined                                                   no-redeclare
  17656:22   warning  'longNumber' is already defined                                                  no-redeclare
  17729:13   warning  'nextRadius' is assigned a value but never used                                  no-unused-vars
  17760:18   warning  'h' is already defined                                                           no-redeclare
  17761:22   warning  'i' is already defined                                                           no-redeclare
  17789:22   warning  'i' is already defined                                                           no-redeclare
  17790:21   warning  'x' is already defined                                                           no-redeclare
  17791:21   warning  'z' is already defined                                                           no-redeclare
  17805:22   warning  'i' is already defined                                                           no-redeclare
  17807:21   warning  'first' is already defined                                                       no-redeclare
  17816:17   warning  'startIndex' is already defined                                                  no-redeclare
  17829:22   warning  'i' is already defined                                                           no-redeclare
  17830:21   warning  'x' is already defined                                                           no-redeclare
  17831:21   warning  'z' is already defined                                                           no-redeclare
  17832:21   warning  'tu' is already defined                                                          no-redeclare
  17833:21   warning  'tv' is already defined                                                          no-redeclare
  17845:22   warning  'i' is already defined                                                           no-redeclare
  17846:21   warning  'center' is already defined                                                      no-redeclare
  17847:21   warning  'first' is already defined                                                       no-redeclare
  17903:13   warning  'pitch' is assigned a value but never used                                       no-unused-vars
  17905:13   warning  'minPitch' is assigned a value but never used                                    no-unused-vars
  17906:13   warning  'maxPitch' is assigned a value but never used                                    no-unused-vars
  18021:17   warning  'axis' is assigned a value but never used                                        no-unused-vars
  18033:23   warning  'l' is defined but never used                                                    no-unused-vars
  24043:18   warning  'i' is already defined                                                           no-redeclare
  24187:21   warning  'needLine' is assigned a value but never used                                    no-unused-vars
  25672:13   warning  Move function declaration to function body root                                  no-inner-declarations
  25680:13   warning  Move function declaration to function body root                                  no-inner-declarations
  25688:13   warning  Move function declaration to function body root                                  no-inner-declarations
  25692:13   warning  Move function declaration to function body root                                  no-inner-declarations
  25696:13   warning  Move function declaration to function body root                                  no-inner-declarations
  25706:13   warning  Move function declaration to function body root                                  no-inner-declarations
  25716:13   warning  Move function declaration to function body root                                  no-inner-declarations
  25723:13   warning  Move function declaration to function body root                                  no-inner-declarations
  25933:13   warning  'node' is assigned a value but never used                                        no-unused-vars
  26018:14   warning  'lights' is defined but never used                                               no-unused-vars
  26018:29   warning  'cfg' is defined but never used                                                  no-unused-vars
  26019:13   warning  'lights' is already defined                                                      no-redeclare
  26019:13   warning  'lights' is assigned a value but never used                                      no-unused-vars
  26022:40   warning  'cfg' is defined but never used                                                  no-unused-vars
  26079:14   warning  'dirLight' is defined but never used                                             no-unused-vars
  26079:38   warning  'cfg' is defined but never used                                                  no-unused-vars
  26322:196  warning  'a' is already defined                                                           no-redeclare
  26322:357  warning  'a' is already defined                                                           no-redeclare
  26329:264  warning  'd' is already defined                                                           no-redeclare
  26333:112  warning  Expected a conditional expression and instead saw an assignment                  no-cond-assign
  26350:181  warning  Unnecessary escape character: \,                                                 no-useless-escape
  26355:174  warning  'params' is not defined                                                          no-undef
  26361:347  warning  'b' is already defined                                                           no-redeclare
  26370:3    warning  Expected a conditional expression and instead saw an assignment                  no-cond-assign
  26386:448  warning  'b' is already defined                                                           no-redeclare
  26387:204  warning  'b' is already defined                                                           no-redeclare
  26398:270  warning  'c' is already defined                                                           no-redeclare
  26398:286  warning  'a' is already defined                                                           no-redeclare
  26398:467  warning  'e' is already defined                                                           no-redeclare

/home/runner/work/exp-parametric-voltage-waveform-iitkgp/exp-parametric-voltage-waveform-iitkgp/experiment/simulation/js/slider.js
  10:10  warning  'aaa' is defined but never used  no-unused-vars

 814 problems (2 errors, 812 warnings)
  0 errors and 2 warnings potentially fixable with the `--fix` option.

